Started GET "/" for ::1 at 2020-05-25 10:47:24 -0400

ActiveRecord::NoDatabaseError - FATAL:  database "squeaker_development" does not exist
:

Started POST "/__better_errors/34f89897d5f32684/variables" for ::1 at 2020-05-25 10:47:25 -0400
  [1m[35m (2.2ms)[0m  [1m[35mDROP DATABASE IF EXISTS "squeaker_development"[0m
  ↳ bin/rails:9
  [1m[35m (0.2ms)[0m  [1m[35mDROP DATABASE IF EXISTS "squeaker_test"[0m
  ↳ bin/rails:9
  [1m[35m (1349.9ms)[0m  [1m[35mCREATE DATABASE "squeaker_development" ENCODING = 'unicode'[0m
  ↳ bin/rails:9
  [1m[35m (201.9ms)[0m  [1m[35mCREATE DATABASE "squeaker_test" ENCODING = 'unicode'[0m
  ↳ bin/rails:9
  [1m[35mSQL (3.3ms)[0m  [1m[35mCREATE EXTENSION IF NOT EXISTS "plpgsql"[0m
  ↳ db/schema.rb:16
  [1m[35m (1.2ms)[0m  [1m[35mDROP TABLE IF EXISTS "likes" CASCADE[0m
  ↳ db/schema.rb:18
  [1m[35m (96.3ms)[0m  [1m[35mCREATE TABLE "likes" ("id" bigserial primary key, "user_id" integer NOT NULL, "squeak_id" integer NOT NULL, "created_at" timestamp NOT NULL, "updated_at" timestamp NOT NULL)[0m
  ↳ db/schema.rb:18
  [1m[35m (3.2ms)[0m  [1m[35mCREATE  INDEX  "index_likes_on_squeak_id" ON "likes"  ("squeak_id")[0m
  ↳ db/schema.rb:18
  [1m[35m (21.0ms)[0m  [1m[35mCREATE UNIQUE INDEX  "index_likes_on_user_id_and_squeak_id" ON "likes"  ("user_id", "squeak_id")[0m
  ↳ db/schema.rb:18
  [1m[35m (0.2ms)[0m  [1m[35mDROP TABLE IF EXISTS "locations" CASCADE[0m
  ↳ db/schema.rb:27
  [1m[35m (10.0ms)[0m  [1m[35mCREATE TABLE "locations" ("id" bigserial primary key, "name" character varying NOT NULL, "created_at" timestamp NOT NULL, "updated_at" timestamp NOT NULL)[0m
  ↳ db/schema.rb:27
  [1m[35m (0.4ms)[0m  [1m[35mDROP TABLE IF EXISTS "squeaks" CASCADE[0m
  ↳ db/schema.rb:33
  [1m[35m (35.9ms)[0m  [1m[35mCREATE TABLE "squeaks" ("id" bigserial primary key, "body" character varying NOT NULL, "author_id" integer NOT NULL, "created_at" timestamp NOT NULL, "updated_at" timestamp NOT NULL)[0m
  ↳ db/schema.rb:33
  [1m[35m (2.9ms)[0m  [1m[35mCREATE  INDEX  "index_squeaks_on_author_id" ON "squeaks"  ("author_id")[0m
  ↳ db/schema.rb:33
  [1m[35m (0.7ms)[0m  [1m[35mDROP TABLE IF EXISTS "users" CASCADE[0m
  ↳ db/schema.rb:41
  [1m[35m (8.2ms)[0m  [1m[35mCREATE TABLE "users" ("id" bigserial primary key, "username" character varying NOT NULL, "location_id" integer NOT NULL, "created_at" timestamp NOT NULL, "updated_at" timestamp NOT NULL, "birth_year" integer NOT NULL, "password_digest" character varying NOT NULL, "session_token" character varying NOT NULL)[0m
  ↳ db/schema.rb:41
  [1m[35m (2.7ms)[0m  [1m[35mCREATE  INDEX  "index_users_on_location_id" ON "users"  ("location_id")[0m
  ↳ db/schema.rb:41
  [1m[35m (3.2ms)[0m  [1m[35mCREATE UNIQUE INDEX  "index_users_on_username" ON "users"  ("username")[0m
  ↳ db/schema.rb:41
  [1m[35m (5.3ms)[0m  [1m[35mCREATE TABLE "schema_migrations" ("version" character varying NOT NULL PRIMARY KEY)[0m
  ↳ db/schema.rb:13
  [1m[35m (22.3ms)[0m  [1m[34mSELECT "schema_migrations"."version" FROM "schema_migrations" ORDER BY "schema_migrations"."version" ASC[0m
  ↳ db/schema.rb:13
  [1m[35m (4.1ms)[0m  [1m[32mINSERT INTO "schema_migrations" (version) VALUES (20200427120234)[0m
  ↳ db/schema.rb:13
  [1m[35m (0.8ms)[0m  [1m[32mINSERT INTO "schema_migrations" (version) VALUES
(20200417121955),
(20200417122058),
(20200416153635),
(20200416152909),
(20200416152427),
(20200416151551);

[0m
  ↳ db/schema.rb:13
  [1m[35m (4.6ms)[0m  [1m[35mCREATE TABLE "ar_internal_metadata" ("key" character varying NOT NULL PRIMARY KEY, "value" character varying, "created_at" timestamp NOT NULL, "updated_at" timestamp NOT NULL)[0m
  ↳ db/schema.rb:13
  [1m[36mActiveRecord::InternalMetadata Load (0.7ms)[0m  [1m[34mSELECT  "ar_internal_metadata".* FROM "ar_internal_metadata" WHERE "ar_internal_metadata"."key" = $1 LIMIT $2[0m  [["key", "environment"], ["LIMIT", 1]]
  ↳ db/schema.rb:13
  [1m[35m (0.9ms)[0m  [1m[35mBEGIN[0m
  ↳ db/schema.rb:13
  [1m[36mActiveRecord::InternalMetadata Create (2.3ms)[0m  [1m[32mINSERT INTO "ar_internal_metadata" ("key", "value", "created_at", "updated_at") VALUES ($1, $2, $3, $4) RETURNING "key"[0m  [["key", "environment"], ["value", "development"], ["created_at", "2020-05-25 14:56:38.323902"], ["updated_at", "2020-05-25 14:56:38.323902"]]
  ↳ db/schema.rb:13
  [1m[35m (0.5ms)[0m  [1m[35mCOMMIT[0m
  ↳ db/schema.rb:13
  [1m[36mActiveRecord::InternalMetadata Load (1.3ms)[0m  [1m[34mSELECT  "ar_internal_metadata".* FROM "ar_internal_metadata" WHERE "ar_internal_metadata"."key" = $1 LIMIT $2[0m  [["key", "environment"], ["LIMIT", 1]]
  ↳ bin/rails:9
  [1m[35m (0.3ms)[0m  [1m[35mBEGIN[0m
  ↳ bin/rails:9
  [1m[35m (0.2ms)[0m  [1m[35mCOMMIT[0m
  ↳ bin/rails:9
  [1m[35mSQL (1.0ms)[0m  [1m[35mCREATE EXTENSION IF NOT EXISTS "plpgsql"[0m
  ↳ db/schema.rb:16
  [1m[35m (0.4ms)[0m  [1m[35mDROP TABLE IF EXISTS "likes" CASCADE[0m
  ↳ db/schema.rb:18
  [1m[35m (11.8ms)[0m  [1m[35mCREATE TABLE "likes" ("id" bigserial primary key, "user_id" integer NOT NULL, "squeak_id" integer NOT NULL, "created_at" timestamp NOT NULL, "updated_at" timestamp NOT NULL)[0m
  ↳ db/schema.rb:18
  [1m[35m (3.3ms)[0m  [1m[35mCREATE  INDEX  "index_likes_on_squeak_id" ON "likes"  ("squeak_id")[0m
  ↳ db/schema.rb:18
  [1m[35m (2.8ms)[0m  [1m[35mCREATE UNIQUE INDEX  "index_likes_on_user_id_and_squeak_id" ON "likes"  ("user_id", "squeak_id")[0m
  ↳ db/schema.rb:18
  [1m[35m (0.6ms)[0m  [1m[35mDROP TABLE IF EXISTS "locations" CASCADE[0m
  ↳ db/schema.rb:27
  [1m[35m (6.6ms)[0m  [1m[35mCREATE TABLE "locations" ("id" bigserial primary key, "name" character varying NOT NULL, "created_at" timestamp NOT NULL, "updated_at" timestamp NOT NULL)[0m
  ↳ db/schema.rb:27
  [1m[35m (0.6ms)[0m  [1m[35mDROP TABLE IF EXISTS "squeaks" CASCADE[0m
  ↳ db/schema.rb:33
  [1m[35m (30.0ms)[0m  [1m[35mCREATE TABLE "squeaks" ("id" bigserial primary key, "body" character varying NOT NULL, "author_id" integer NOT NULL, "created_at" timestamp NOT NULL, "updated_at" timestamp NOT NULL)[0m
  ↳ db/schema.rb:33
  [1m[35m (3.1ms)[0m  [1m[35mCREATE  INDEX  "index_squeaks_on_author_id" ON "squeaks"  ("author_id")[0m
  ↳ db/schema.rb:33
  [1m[35m (0.9ms)[0m  [1m[35mDROP TABLE IF EXISTS "users" CASCADE[0m
  ↳ db/schema.rb:41
  [1m[35m (10.5ms)[0m  [1m[35mCREATE TABLE "users" ("id" bigserial primary key, "username" character varying NOT NULL, "location_id" integer NOT NULL, "created_at" timestamp NOT NULL, "updated_at" timestamp NOT NULL, "birth_year" integer NOT NULL, "password_digest" character varying NOT NULL, "session_token" character varying NOT NULL)[0m
  ↳ db/schema.rb:41
  [1m[35m (19.9ms)[0m  [1m[35mCREATE  INDEX  "index_users_on_location_id" ON "users"  ("location_id")[0m
  ↳ db/schema.rb:41
  [1m[35m (2.1ms)[0m  [1m[35mCREATE UNIQUE INDEX  "index_users_on_username" ON "users"  ("username")[0m
  ↳ db/schema.rb:41
  [1m[35m (6.5ms)[0m  [1m[35mCREATE TABLE "schema_migrations" ("version" character varying NOT NULL PRIMARY KEY)[0m
  ↳ db/schema.rb:13
  [1m[35m (1.0ms)[0m  [1m[34mSELECT "schema_migrations"."version" FROM "schema_migrations" ORDER BY "schema_migrations"."version" ASC[0m
  ↳ db/schema.rb:13
  [1m[35m (0.9ms)[0m  [1m[32mINSERT INTO "schema_migrations" (version) VALUES (20200427120234)[0m
  ↳ db/schema.rb:13
  [1m[35m (0.8ms)[0m  [1m[32mINSERT INTO "schema_migrations" (version) VALUES
(20200417121955),
(20200417122058),
(20200416153635),
(20200416152909),
(20200416152427),
(20200416151551);

[0m
  ↳ db/schema.rb:13
  [1m[35m (9.7ms)[0m  [1m[35mCREATE TABLE "ar_internal_metadata" ("key" character varying NOT NULL PRIMARY KEY, "value" character varying, "created_at" timestamp NOT NULL, "updated_at" timestamp NOT NULL)[0m
  ↳ db/schema.rb:13
  [1m[36mActiveRecord::InternalMetadata Load (0.7ms)[0m  [1m[34mSELECT  "ar_internal_metadata".* FROM "ar_internal_metadata" WHERE "ar_internal_metadata"."key" = $1 LIMIT $2[0m  [["key", "environment"], ["LIMIT", 1]]
  ↳ db/schema.rb:13
  [1m[35m (0.2ms)[0m  [1m[35mBEGIN[0m
  ↳ db/schema.rb:13
  [1m[36mActiveRecord::InternalMetadata Create (0.6ms)[0m  [1m[32mINSERT INTO "ar_internal_metadata" ("key", "value", "created_at", "updated_at") VALUES ($1, $2, $3, $4) RETURNING "key"[0m  [["key", "environment"], ["value", "development"], ["created_at", "2020-05-25 14:56:38.614157"], ["updated_at", "2020-05-25 14:56:38.614157"]]
  ↳ db/schema.rb:13
  [1m[35m (0.5ms)[0m  [1m[35mCOMMIT[0m
  ↳ db/schema.rb:13
  [1m[36mActiveRecord::InternalMetadata Load (0.3ms)[0m  [1m[34mSELECT  "ar_internal_metadata".* FROM "ar_internal_metadata" WHERE "ar_internal_metadata"."key" = $1 LIMIT $2[0m  [["key", "environment"], ["LIMIT", 1]]
  ↳ bin/rails:9
  [1m[35m (0.1ms)[0m  [1m[35mBEGIN[0m
  ↳ bin/rails:9
  [1m[36mActiveRecord::InternalMetadata Update (1.3ms)[0m  [1m[33mUPDATE "ar_internal_metadata" SET "value" = $1, "updated_at" = $2 WHERE "ar_internal_metadata"."key" = $3[0m  [["value", "test"], ["updated_at", "2020-05-25 14:56:38.620393"], ["key", "environment"]]
  ↳ bin/rails:9
  [1m[35m (0.5ms)[0m  [1m[35mCOMMIT[0m
  ↳ bin/rails:9
  [1m[35m (1.2ms)[0m  [1m[34mSELECT "schema_migrations"."version" FROM "schema_migrations" ORDER BY "schema_migrations"."version" ASC[0m
  ↳ bin/rails:9
  [1m[36mLocation Load (2.1ms)[0m  [1m[34mSELECT "locations".* FROM "locations"[0m
  ↳ db/seeds.rb:11
  [1m[36mUser Load (1.5ms)[0m  [1m[34mSELECT "users".* FROM "users"[0m
  ↳ db/seeds.rb:12
  [1m[36mSqueak Load (1.5ms)[0m  [1m[34mSELECT "squeaks".* FROM "squeaks"[0m
  ↳ db/seeds.rb:13
  [1m[36mLike Load (1.4ms)[0m  [1m[34mSELECT "likes".* FROM "likes"[0m
  ↳ db/seeds.rb:14
  [1m[35m (0.2ms)[0m  [1m[35mBEGIN[0m
  ↳ db/seeds.rb:19
  [1m[36mLocation Create (1.0ms)[0m  [1m[32mINSERT INTO "locations" ("name", "created_at", "updated_at") VALUES ($1, $2, $3) RETURNING "id"[0m  [["name", "London, England"], ["created_at", "2020-05-25 14:56:38.829475"], ["updated_at", "2020-05-25 14:56:38.829475"]]
  ↳ db/seeds.rb:19
  [1m[35m (0.5ms)[0m  [1m[35mCOMMIT[0m
  ↳ db/seeds.rb:19
  [1m[35m (0.3ms)[0m  [1m[35mBEGIN[0m
  ↳ db/seeds.rb:20
  [1m[36mLocation Create (0.6ms)[0m  [1m[32mINSERT INTO "locations" ("name", "created_at", "updated_at") VALUES ($1, $2, $3) RETURNING "id"[0m  [["name", "Pennsylvania, USA"], ["created_at", "2020-05-25 14:56:38.834013"], ["updated_at", "2020-05-25 14:56:38.834013"]]
  ↳ db/seeds.rb:20
  [1m[35m (0.4ms)[0m  [1m[35mCOMMIT[0m
  ↳ db/seeds.rb:20
  [1m[35m (0.2ms)[0m  [1m[35mBEGIN[0m
  ↳ db/seeds.rb:21
  [1m[36mLocation Create (0.6ms)[0m  [1m[32mINSERT INTO "locations" ("name", "created_at", "updated_at") VALUES ($1, $2, $3) RETURNING "id"[0m  [["name", "Virginia, USA"], ["created_at", "2020-05-25 14:56:38.837819"], ["updated_at", "2020-05-25 14:56:38.837819"]]
  ↳ db/seeds.rb:21
  [1m[35m (0.4ms)[0m  [1m[35mCOMMIT[0m
  ↳ db/seeds.rb:21
  [1m[35m (0.2ms)[0m  [1m[35mBEGIN[0m
  ↳ db/seeds.rb:22
  [1m[36mLocation Create (0.7ms)[0m  [1m[32mINSERT INTO "locations" ("name", "created_at", "updated_at") VALUES ($1, $2, $3) RETURNING "id"[0m  [["name", "Massachusetts, USA"], ["created_at", "2020-05-25 14:56:38.841617"], ["updated_at", "2020-05-25 14:56:38.841617"]]
  ↳ db/seeds.rb:22
  [1m[35m (17.9ms)[0m  [1m[35mCOMMIT[0m
  ↳ db/seeds.rb:22
  [1m[35m (0.3ms)[0m  [1m[35mBEGIN[0m
  ↳ db/seeds.rb:23
  [1m[36mLocation Create (0.9ms)[0m  [1m[32mINSERT INTO "locations" ("name", "created_at", "updated_at") VALUES ($1, $2, $3) RETURNING "id"[0m  [["name", "California, USA"], ["created_at", "2020-05-25 14:56:38.863386"], ["updated_at", "2020-05-25 14:56:38.863386"]]
  ↳ db/seeds.rb:23
  [1m[35m (0.6ms)[0m  [1m[35mCOMMIT[0m
  ↳ db/seeds.rb:23
  [1m[35m (0.2ms)[0m  [1m[35mBEGIN[0m
  ↳ db/seeds.rb:24
  [1m[36mLocation Create (0.6ms)[0m  [1m[32mINSERT INTO "locations" ("name", "created_at", "updated_at") VALUES ($1, $2, $3) RETURNING "id"[0m  [["name", "Tennessee, USA"], ["created_at", "2020-05-25 14:56:38.867811"], ["updated_at", "2020-05-25 14:56:38.867811"]]
  ↳ db/seeds.rb:24
  [1m[35m (0.7ms)[0m  [1m[35mCOMMIT[0m
  ↳ db/seeds.rb:24
  [1m[35m (0.1ms)[0m  [1m[35mBEGIN[0m
  ↳ db/seeds.rb:25
  [1m[36mLocation Create (0.4ms)[0m  [1m[32mINSERT INTO "locations" ("name", "created_at", "updated_at") VALUES ($1, $2, $3) RETURNING "id"[0m  [["name", "Mexico City, Mexico"], ["created_at", "2020-05-25 14:56:38.871817"], ["updated_at", "2020-05-25 14:56:38.871817"]]
  ↳ db/seeds.rb:25
  [1m[35m (0.7ms)[0m  [1m[35mCOMMIT[0m
  ↳ db/seeds.rb:25
  [1m[35m (0.3ms)[0m  [1m[35mBEGIN[0m
  ↳ db/seeds.rb:28
  [1m[36mUser Exists (0.8ms)[0m  [1m[34mSELECT  1 AS one FROM "users" WHERE "users"."username" = $1 LIMIT $2[0m  [["username", "Ada Lovelace"], ["LIMIT", 1]]
  ↳ db/seeds.rb:28
  [1m[36mUser Exists (0.5ms)[0m  [1m[34mSELECT  1 AS one FROM "users" WHERE "users"."session_token" = $1 LIMIT $2[0m  [["session_token", "0GJj6gMiQizTVbA-WgypVg"], ["LIMIT", 1]]
  ↳ db/seeds.rb:28
  [1m[36mLocation Load (0.4ms)[0m  [1m[34mSELECT  "locations".* FROM "locations" WHERE "locations"."id" = $1 LIMIT $2[0m  [["id", 1], ["LIMIT", 1]]
  ↳ db/seeds.rb:28
  [1m[36mUser Create (1.0ms)[0m  [1m[32mINSERT INTO "users" ("username", "location_id", "created_at", "updated_at", "birth_year", "password_digest", "session_token") VALUES ($1, $2, $3, $4, $5, $6, $7) RETURNING "id"[0m  [["username", "Ada Lovelace"], ["location_id", 1], ["created_at", "2020-05-25 14:56:39.163088"], ["updated_at", "2020-05-25 14:56:39.163088"], ["birth_year", 1815], ["password_digest", "$2a$12$U6BBAGjNKPBmL4CbtEwaI.f0l4n3MajZ9tz9gZcWF23Xr7d6eMvg."], ["session_token", "0GJj6gMiQizTVbA-WgypVg"]]
  ↳ db/seeds.rb:28
  [1m[35m (0.4ms)[0m  [1m[35mCOMMIT[0m
  ↳ db/seeds.rb:28
  [1m[35m (15.8ms)[0m  [1m[35mBEGIN[0m
  ↳ db/seeds.rb:29
  [1m[36mUser Exists (0.8ms)[0m  [1m[34mSELECT  1 AS one FROM "users" WHERE "users"."username" = $1 LIMIT $2[0m  [["username", "Grace Hopper"], ["LIMIT", 1]]
  ↳ db/seeds.rb:29
  [1m[36mUser Exists (0.5ms)[0m  [1m[34mSELECT  1 AS one FROM "users" WHERE "users"."session_token" = $1 LIMIT $2[0m  [["session_token", "BQX4_nXkQAXA23rkWT7blA"], ["LIMIT", 1]]
  ↳ db/seeds.rb:29
  [1m[36mLocation Load (0.5ms)[0m  [1m[34mSELECT  "locations".* FROM "locations" WHERE "locations"."id" = $1 LIMIT $2[0m  [["id", 2], ["LIMIT", 1]]
  ↳ db/seeds.rb:29
  [1m[36mUser Create (0.5ms)[0m  [1m[32mINSERT INTO "users" ("username", "location_id", "created_at", "updated_at", "birth_year", "password_digest", "session_token") VALUES ($1, $2, $3, $4, $5, $6, $7) RETURNING "id"[0m  [["username", "Grace Hopper"], ["location_id", 2], ["created_at", "2020-05-25 14:56:39.417898"], ["updated_at", "2020-05-25 14:56:39.417898"], ["birth_year", 1906], ["password_digest", "$2a$12$atcu7T2NY6zZWpnSPUAu0uXJrtstdmNk0rHHrVx2mDh33C9EOBk.m"], ["session_token", "BQX4_nXkQAXA23rkWT7blA"]]
  ↳ db/seeds.rb:29
  [1m[35m (0.6ms)[0m  [1m[35mCOMMIT[0m
  ↳ db/seeds.rb:29
  [1m[35m (8.3ms)[0m  [1m[35mBEGIN[0m
  ↳ db/seeds.rb:30
  [1m[36mUser Exists (0.5ms)[0m  [1m[34mSELECT  1 AS one FROM "users" WHERE "users"."username" = $1 LIMIT $2[0m  [["username", "Dorothy Vaughan"], ["LIMIT", 1]]
  ↳ db/seeds.rb:30
  [1m[36mUser Exists (0.5ms)[0m  [1m[34mSELECT  1 AS one FROM "users" WHERE "users"."session_token" = $1 LIMIT $2[0m  [["session_token", "dPsIAEIO7BIrNZE0dX0Y9g"], ["LIMIT", 1]]
  ↳ db/seeds.rb:30
  [1m[36mLocation Load (0.3ms)[0m  [1m[34mSELECT  "locations".* FROM "locations" WHERE "locations"."id" = $1 LIMIT $2[0m  [["id", 3], ["LIMIT", 1]]
  ↳ db/seeds.rb:30
  [1m[36mUser Create (0.4ms)[0m  [1m[32mINSERT INTO "users" ("username", "location_id", "created_at", "updated_at", "birth_year", "password_digest", "session_token") VALUES ($1, $2, $3, $4, $5, $6, $7) RETURNING "id"[0m  [["username", "Dorothy Vaughan"], ["location_id", 3], ["created_at", "2020-05-25 14:56:39.665525"], ["updated_at", "2020-05-25 14:56:39.665525"], ["birth_year", 1910], ["password_digest", "$2a$12$YQBDKi73yna.YZ3qNKMp3ePPTrpviuKmi3guQxArIiJBRV6868/9m"], ["session_token", "dPsIAEIO7BIrNZE0dX0Y9g"]]
  ↳ db/seeds.rb:30
  [1m[35m (0.5ms)[0m  [1m[35mCOMMIT[0m
  ↳ db/seeds.rb:30
  [1m[35m (14.8ms)[0m  [1m[35mBEGIN[0m
  ↳ db/seeds.rb:31
  [1m[36mUser Exists (0.8ms)[0m  [1m[34mSELECT  1 AS one FROM "users" WHERE "users"."username" = $1 LIMIT $2[0m  [["username", "Alan Turing"], ["LIMIT", 1]]
  ↳ db/seeds.rb:31
  [1m[36mUser Exists (0.5ms)[0m  [1m[34mSELECT  1 AS one FROM "users" WHERE "users"."session_token" = $1 LIMIT $2[0m  [["session_token", "34F9iLxV9iXDTYncyEs0AQ"], ["LIMIT", 1]]
  ↳ db/seeds.rb:31
  [1m[36mLocation Load (0.5ms)[0m  [1m[34mSELECT  "locations".* FROM "locations" WHERE "locations"."id" = $1 LIMIT $2[0m  [["id", 1], ["LIMIT", 1]]
  ↳ db/seeds.rb:31
  [1m[36mUser Create (0.5ms)[0m  [1m[32mINSERT INTO "users" ("username", "location_id", "created_at", "updated_at", "birth_year", "password_digest", "session_token") VALUES ($1, $2, $3, $4, $5, $6, $7) RETURNING "id"[0m  [["username", "Alan Turing"], ["location_id", 1], ["created_at", "2020-05-25 14:56:39.917718"], ["updated_at", "2020-05-25 14:56:39.917718"], ["birth_year", 1912], ["password_digest", "$2a$12$V7twj9QQ62HBhujzr5XYMOaEt.O.DkYrn/5A4RdmL.AMoXlvVZIfW"], ["session_token", "34F9iLxV9iXDTYncyEs0AQ"]]
  ↳ db/seeds.rb:31
  [1m[35m (0.5ms)[0m  [1m[35mCOMMIT[0m
  ↳ db/seeds.rb:31
  [1m[35m (4.8ms)[0m  [1m[35mBEGIN[0m
  ↳ db/seeds.rb:32
  [1m[36mUser Exists (0.8ms)[0m  [1m[34mSELECT  1 AS one FROM "users" WHERE "users"."username" = $1 LIMIT $2[0m  [["username", "Kathleen Booth"], ["LIMIT", 1]]
  ↳ db/seeds.rb:32
  [1m[36mUser Exists (0.3ms)[0m  [1m[34mSELECT  1 AS one FROM "users" WHERE "users"."session_token" = $1 LIMIT $2[0m  [["session_token", "uqxVfa5rxVUlsaqrWDN4Pw"], ["LIMIT", 1]]
  ↳ db/seeds.rb:32
  [1m[36mLocation Load (0.2ms)[0m  [1m[34mSELECT  "locations".* FROM "locations" WHERE "locations"."id" = $1 LIMIT $2[0m  [["id", 1], ["LIMIT", 1]]
  ↳ db/seeds.rb:32
  [1m[36mUser Create (0.4ms)[0m  [1m[32mINSERT INTO "users" ("username", "location_id", "created_at", "updated_at", "birth_year", "password_digest", "session_token") VALUES ($1, $2, $3, $4, $5, $6, $7) RETURNING "id"[0m  [["username", "Kathleen Booth"], ["location_id", 1], ["created_at", "2020-05-25 14:56:40.165302"], ["updated_at", "2020-05-25 14:56:40.165302"], ["birth_year", 1922], ["password_digest", "$2a$12$5LBMG3lIqhB7qUBrn6.C/ufW4kP2UrxJ/Ir4XeFVSzSl957AO77AG"], ["session_token", "uqxVfa5rxVUlsaqrWDN4Pw"]]
  ↳ db/seeds.rb:32
  [1m[35m (0.5ms)[0m  [1m[35mCOMMIT[0m
  ↳ db/seeds.rb:32
  [1m[35m (12.8ms)[0m  [1m[35mBEGIN[0m
  ↳ db/seeds.rb:33
  [1m[36mUser Exists (0.7ms)[0m  [1m[34mSELECT  1 AS one FROM "users" WHERE "users"."username" = $1 LIMIT $2[0m  [["username", "Peter Landin"], ["LIMIT", 1]]
  ↳ db/seeds.rb:33
  [1m[36mUser Exists (0.5ms)[0m  [1m[34mSELECT  1 AS one FROM "users" WHERE "users"."session_token" = $1 LIMIT $2[0m  [["session_token", "hQkvkx0lSUEC2WwkSkDj8A"], ["LIMIT", 1]]
  ↳ db/seeds.rb:33
  [1m[36mLocation Load (0.7ms)[0m  [1m[34mSELECT  "locations".* FROM "locations" WHERE "locations"."id" = $1 LIMIT $2[0m  [["id", 1], ["LIMIT", 1]]
  ↳ db/seeds.rb:33
  [1m[36mUser Create (0.5ms)[0m  [1m[32mINSERT INTO "users" ("username", "location_id", "created_at", "updated_at", "birth_year", "password_digest", "session_token") VALUES ($1, $2, $3, $4, $5, $6, $7) RETURNING "id"[0m  [["username", "Peter Landin"], ["location_id", 1], ["created_at", "2020-05-25 14:56:40.418998"], ["updated_at", "2020-05-25 14:56:40.418998"], ["birth_year", 1930], ["password_digest", "$2a$12$5MeEZPgYmp3lnaexQMRPguziiww451kpQsO1aa9xoAR4dzcMvCb/q"], ["session_token", "hQkvkx0lSUEC2WwkSkDj8A"]]
  ↳ db/seeds.rb:33
  [1m[35m (0.6ms)[0m  [1m[35mCOMMIT[0m
  ↳ db/seeds.rb:33
  [1m[35m (0.2ms)[0m  [1m[35mBEGIN[0m
  ↳ db/seeds.rb:34
  [1m[36mUser Exists (0.3ms)[0m  [1m[34mSELECT  1 AS one FROM "users" WHERE "users"."username" = $1 LIMIT $2[0m  [["username", "Margaret Hamilton"], ["LIMIT", 1]]
  ↳ db/seeds.rb:34
  [1m[36mUser Exists (0.3ms)[0m  [1m[34mSELECT  1 AS one FROM "users" WHERE "users"."session_token" = $1 LIMIT $2[0m  [["session_token", "n8s7J-l7FjoTK4L145qwmg"], ["LIMIT", 1]]
  ↳ db/seeds.rb:34
  [1m[36mLocation Load (0.2ms)[0m  [1m[34mSELECT  "locations".* FROM "locations" WHERE "locations"."id" = $1 LIMIT $2[0m  [["id", 4], ["LIMIT", 1]]
  ↳ db/seeds.rb:34
  [1m[36mUser Create (0.4ms)[0m  [1m[32mINSERT INTO "users" ("username", "location_id", "created_at", "updated_at", "birth_year", "password_digest", "session_token") VALUES ($1, $2, $3, $4, $5, $6, $7) RETURNING "id"[0m  [["username", "Margaret Hamilton"], ["location_id", 4], ["created_at", "2020-05-25 14:56:40.667702"], ["updated_at", "2020-05-25 14:56:40.667702"], ["birth_year", 1936], ["password_digest", "$2a$12$HaCjAlpnzl60wPy4XIRVBuvtWLlVHrTIPFlhiuDFgkl4acE8.MPva"], ["session_token", "n8s7J-l7FjoTK4L145qwmg"]]
  ↳ db/seeds.rb:34
  [1m[35m (0.4ms)[0m  [1m[35mCOMMIT[0m
  ↳ db/seeds.rb:34
  [1m[35m (1.4ms)[0m  [1m[35mBEGIN[0m
  ↳ db/seeds.rb:35
  [1m[36mUser Exists (2.2ms)[0m  [1m[34mSELECT  1 AS one FROM "users" WHERE "users"."username" = $1 LIMIT $2[0m  [["username", "Richard Stallman"], ["LIMIT", 1]]
  ↳ db/seeds.rb:35
  [1m[36mUser Exists (0.4ms)[0m  [1m[34mSELECT  1 AS one FROM "users" WHERE "users"."session_token" = $1 LIMIT $2[0m  [["session_token", "q2diQFoXrcrYxOnQ6Mf3zQ"], ["LIMIT", 1]]
  ↳ db/seeds.rb:35
  [1m[36mLocation Load (0.2ms)[0m  [1m[34mSELECT  "locations".* FROM "locations" WHERE "locations"."id" = $1 LIMIT $2[0m  [["id", 4], ["LIMIT", 1]]
  ↳ db/seeds.rb:35
  [1m[36mUser Create (0.4ms)[0m  [1m[32mINSERT INTO "users" ("username", "location_id", "created_at", "updated_at", "birth_year", "password_digest", "session_token") VALUES ($1, $2, $3, $4, $5, $6, $7) RETURNING "id"[0m  [["username", "Richard Stallman"], ["location_id", 4], ["created_at", "2020-05-25 14:56:40.917425"], ["updated_at", "2020-05-25 14:56:40.917425"], ["birth_year", 1953], ["password_digest", "$2a$12$PmJ3ykvvifBS/HG6UedRvOyEPZjRBOXHYtvl/cYW8CfYYInMSys5C"], ["session_token", "q2diQFoXrcrYxOnQ6Mf3zQ"]]
  ↳ db/seeds.rb:35
  [1m[35m (17.3ms)[0m  [1m[35mCOMMIT[0m
  ↳ db/seeds.rb:35
  [1m[35m (0.2ms)[0m  [1m[35mBEGIN[0m
  ↳ db/seeds.rb:36
  [1m[36mUser Exists (0.4ms)[0m  [1m[34mSELECT  1 AS one FROM "users" WHERE "users"."username" = $1 LIMIT $2[0m  [["username", "Mary Ann Horton"], ["LIMIT", 1]]
  ↳ db/seeds.rb:36
  [1m[36mUser Exists (0.3ms)[0m  [1m[34mSELECT  1 AS one FROM "users" WHERE "users"."session_token" = $1 LIMIT $2[0m  [["session_token", "bpeS6_ydH20yZCpVggR3HA"], ["LIMIT", 1]]
  ↳ db/seeds.rb:36
  [1m[36mLocation Load (0.2ms)[0m  [1m[34mSELECT  "locations".* FROM "locations" WHERE "locations"."id" = $1 LIMIT $2[0m  [["id", 5], ["LIMIT", 1]]
  ↳ db/seeds.rb:36
  [1m[36mUser Create (0.4ms)[0m  [1m[32mINSERT INTO "users" ("username", "location_id", "created_at", "updated_at", "birth_year", "password_digest", "session_token") VALUES ($1, $2, $3, $4, $5, $6, $7) RETURNING "id"[0m  [["username", "Mary Ann Horton"], ["location_id", 5], ["created_at", "2020-05-25 14:56:41.175237"], ["updated_at", "2020-05-25 14:56:41.175237"], ["birth_year", 1955], ["password_digest", "$2a$12$nwbKUYmaKtsqSca4ZNo3F.7706F.pXVHWwKYSINmp.JEcXf.FeKnC"], ["session_token", "bpeS6_ydH20yZCpVggR3HA"]]
  ↳ db/seeds.rb:36
  [1m[35m (0.5ms)[0m  [1m[35mCOMMIT[0m
  ↳ db/seeds.rb:36
  [1m[35m (5.8ms)[0m  [1m[35mBEGIN[0m
  ↳ db/seeds.rb:37
  [1m[36mUser Exists (0.5ms)[0m  [1m[34mSELECT  1 AS one FROM "users" WHERE "users"."username" = $1 LIMIT $2[0m  [["username", "Mark Dean"], ["LIMIT", 1]]
  ↳ db/seeds.rb:37
  [1m[36mUser Exists (0.4ms)[0m  [1m[34mSELECT  1 AS one FROM "users" WHERE "users"."session_token" = $1 LIMIT $2[0m  [["session_token", "eIcubrVWLy6igaoBuVAYNA"], ["LIMIT", 1]]
  ↳ db/seeds.rb:37
  [1m[36mLocation Load (0.2ms)[0m  [1m[34mSELECT  "locations".* FROM "locations" WHERE "locations"."id" = $1 LIMIT $2[0m  [["id", 6], ["LIMIT", 1]]
  ↳ db/seeds.rb:37
  [1m[36mUser Create (0.4ms)[0m  [1m[32mINSERT INTO "users" ("username", "location_id", "created_at", "updated_at", "birth_year", "password_digest", "session_token") VALUES ($1, $2, $3, $4, $5, $6, $7) RETURNING "id"[0m  [["username", "Mark Dean"], ["location_id", 6], ["created_at", "2020-05-25 14:56:41.415802"], ["updated_at", "2020-05-25 14:56:41.415802"], ["birth_year", 1957], ["password_digest", "$2a$12$u.QlB8UyGuxxV.hY4sBTOePSrTaAasgtjM/b2iRlgx7B1PCiaOQl."], ["session_token", "eIcubrVWLy6igaoBuVAYNA"]]
  ↳ db/seeds.rb:37
  [1m[35m (0.4ms)[0m  [1m[35mCOMMIT[0m
  ↳ db/seeds.rb:37
  [1m[35m (13.3ms)[0m  [1m[35mBEGIN[0m
  ↳ db/seeds.rb:38
  [1m[36mUser Exists (0.7ms)[0m  [1m[34mSELECT  1 AS one FROM "users" WHERE "users"."username" = $1 LIMIT $2[0m  [["username", "Monica Lam"], ["LIMIT", 1]]
  ↳ db/seeds.rb:38
  [1m[36mUser Exists (0.7ms)[0m  [1m[34mSELECT  1 AS one FROM "users" WHERE "users"."session_token" = $1 LIMIT $2[0m  [["session_token", "eXAK2FO66aJgv5McHz7G4g"], ["LIMIT", 1]]
  ↳ db/seeds.rb:38
  [1m[36mLocation Load (0.3ms)[0m  [1m[34mSELECT  "locations".* FROM "locations" WHERE "locations"."id" = $1 LIMIT $2[0m  [["id", 5], ["LIMIT", 1]]
  ↳ db/seeds.rb:38
  [1m[36mUser Create (1.0ms)[0m  [1m[32mINSERT INTO "users" ("username", "location_id", "created_at", "updated_at", "birth_year", "password_digest", "session_token") VALUES ($1, $2, $3, $4, $5, $6, $7) RETURNING "id"[0m  [["username", "Monica Lam"], ["location_id", 5], ["created_at", "2020-05-25 14:56:41.669419"], ["updated_at", "2020-05-25 14:56:41.669419"], ["birth_year", 1958], ["password_digest", "$2a$12$2TWo3Fga8taaevXJIQDqvOc/z3QNE/ouUgQpLmNveE/52ROOk47Ym"], ["session_token", "eXAK2FO66aJgv5McHz7G4g"]]
  ↳ db/seeds.rb:38
  [1m[35m (0.5ms)[0m  [1m[35mCOMMIT[0m
  ↳ db/seeds.rb:38
  [1m[35m (6.9ms)[0m  [1m[35mBEGIN[0m
  ↳ db/seeds.rb:39
  [1m[36mUser Exists (0.5ms)[0m  [1m[34mSELECT  1 AS one FROM "users" WHERE "users"."username" = $1 LIMIT $2[0m  [["username", "Miguel de Icaza"], ["LIMIT", 1]]
  ↳ db/seeds.rb:39
  [1m[36mUser Exists (0.3ms)[0m  [1m[34mSELECT  1 AS one FROM "users" WHERE "users"."session_token" = $1 LIMIT $2[0m  [["session_token", "JHaCtje2R9YgRuVTzNSS4w"], ["LIMIT", 1]]
  ↳ db/seeds.rb:39
  [1m[36mLocation Load (0.2ms)[0m  [1m[34mSELECT  "locations".* FROM "locations" WHERE "locations"."id" = $1 LIMIT $2[0m  [["id", 7], ["LIMIT", 1]]
  ↳ db/seeds.rb:39
  [1m[36mUser Create (0.3ms)[0m  [1m[32mINSERT INTO "users" ("username", "location_id", "created_at", "updated_at", "birth_year", "password_digest", "session_token") VALUES ($1, $2, $3, $4, $5, $6, $7) RETURNING "id"[0m  [["username", "Miguel de Icaza"], ["location_id", 7], ["created_at", "2020-05-25 14:56:41.916100"], ["updated_at", "2020-05-25 14:56:41.916100"], ["birth_year", 1972], ["password_digest", "$2a$12$CWKIlS5u6/hp6tWvQdb5.O3rEViEoH3izMymmZ/j.xuqO6.fDAPdu"], ["session_token", "JHaCtje2R9YgRuVTzNSS4w"]]
  ↳ db/seeds.rb:39
  [1m[35m (0.5ms)[0m  [1m[35mCOMMIT[0m
  ↳ db/seeds.rb:39
  [1m[35m (0.4ms)[0m  [1m[35mBEGIN[0m
  ↳ db/seeds.rb:42
  [1m[36mUser Load (0.5ms)[0m  [1m[34mSELECT  "users".* FROM "users" WHERE "users"."id" = $1 LIMIT $2[0m  [["id", 1], ["LIMIT", 1]]
  ↳ db/seeds.rb:42
  [1m[36mSqueak Create (1.2ms)[0m  [1m[32mINSERT INTO "squeaks" ("body", "author_id", "created_at", "updated_at") VALUES ($1, $2, $3, $4) RETURNING "id"[0m  [["body", "who is screaming \"log off\" at my house. show yourself, coward. i will never log off"], ["author_id", 1], ["created_at", "2020-05-25 14:56:41.937090"], ["updated_at", "2020-05-25 14:56:41.937090"]]
  ↳ db/seeds.rb:42
  [1m[35m (0.6ms)[0m  [1m[35mCOMMIT[0m
  ↳ db/seeds.rb:42
  [1m[35m (0.2ms)[0m  [1m[35mBEGIN[0m
  ↳ db/seeds.rb:46
  [1m[36mUser Load (18.1ms)[0m  [1m[34mSELECT  "users".* FROM "users" WHERE "users"."id" = $1 LIMIT $2[0m  [["id", 2], ["LIMIT", 1]]
  ↳ db/seeds.rb:46
  [1m[36mSqueak Create (0.7ms)[0m  [1m[32mINSERT INTO "squeaks" ("body", "author_id", "created_at", "updated_at") VALUES ($1, $2, $3, $4) RETURNING "id"[0m  [["body", "hear this trolls: ive been secretly respecting the flag in the privacy of my garage for 12 hrs a day , maxing out its power to insane levels"], ["author_id", 2], ["created_at", "2020-05-25 14:56:41.962935"], ["updated_at", "2020-05-25 14:56:41.962935"]]
  ↳ db/seeds.rb:46
  [1m[35m (0.6ms)[0m  [1m[35mCOMMIT[0m
  ↳ db/seeds.rb:46
  [1m[35m (0.3ms)[0m  [1m[35mBEGIN[0m
  ↳ db/seeds.rb:50
  [1m[36mUser Load (0.5ms)[0m  [1m[34mSELECT  "users".* FROM "users" WHERE "users"."id" = $1 LIMIT $2[0m  [["id", 3], ["LIMIT", 1]]
  ↳ db/seeds.rb:50
  [1m[36mSqueak Create (1.3ms)[0m  [1m[32mINSERT INTO "squeaks" ("body", "author_id", "created_at", "updated_at") VALUES ($1, $2, $3, $4) RETURNING "id"[0m  [["body", "every morning I ask the dog “the usual?” before pouring her food into her bowl & neither of us thinks it’s funny but that’s showbiz baby"], ["author_id", 3], ["created_at", "2020-05-25 14:56:41.970210"], ["updated_at", "2020-05-25 14:56:41.970210"]]
  ↳ db/seeds.rb:50
  [1m[35m (2.6ms)[0m  [1m[35mCOMMIT[0m
  ↳ db/seeds.rb:50
  [1m[35m (0.2ms)[0m  [1m[35mBEGIN[0m
  ↳ db/seeds.rb:54
  [1m[36mUser Load (0.4ms)[0m  [1m[34mSELECT  "users".* FROM "users" WHERE "users"."id" = $1 LIMIT $2[0m  [["id", 4], ["LIMIT", 1]]
  ↳ db/seeds.rb:54
  [1m[36mSqueak Create (0.7ms)[0m  [1m[32mINSERT INTO "squeaks" ("body", "author_id", "created_at", "updated_at") VALUES ($1, $2, $3, $4) RETURNING "id"[0m  [["body", "How dare you drive the speed limit when I’m late to something due to my own poor time management skills"], ["author_id", 4], ["created_at", "2020-05-25 14:56:41.980238"], ["updated_at", "2020-05-25 14:56:41.980238"]]
  ↳ db/seeds.rb:54
  [1m[35m (1.4ms)[0m  [1m[35mCOMMIT[0m
  ↳ db/seeds.rb:54
  [1m[35m (0.3ms)[0m  [1m[35mBEGIN[0m
  ↳ db/seeds.rb:58
  [1m[36mUser Load (0.6ms)[0m  [1m[34mSELECT  "users".* FROM "users" WHERE "users"."id" = $1 LIMIT $2[0m  [["id", 5], ["LIMIT", 1]]
  ↳ db/seeds.rb:58
  [1m[36mSqueak Create (0.8ms)[0m  [1m[32mINSERT INTO "squeaks" ("body", "author_id", "created_at", "updated_at") VALUES ($1, $2, $3, $4) RETURNING "id"[0m  [["body", "it is with a heavy heart that i must announce that the celebs are at it again"], ["author_id", 5], ["created_at", "2020-05-25 14:56:41.989272"], ["updated_at", "2020-05-25 14:56:41.989272"]]
  ↳ db/seeds.rb:58
  [1m[35m (0.5ms)[0m  [1m[35mCOMMIT[0m
  ↳ db/seeds.rb:58
  [1m[35m (0.2ms)[0m  [1m[35mBEGIN[0m
  ↳ db/seeds.rb:62
  [1m[36mUser Load (17.5ms)[0m  [1m[34mSELECT  "users".* FROM "users" WHERE "users"."id" = $1 LIMIT $2[0m  [["id", 6], ["LIMIT", 1]]
  ↳ db/seeds.rb:62
  [1m[36mSqueak Create (0.7ms)[0m  [1m[32mINSERT INTO "squeaks" ("body", "author_id", "created_at", "updated_at") VALUES ($1, $2, $3, $4) RETURNING "id"[0m  [["body", "Food $200\nData $150\nRent $800\nCandles $3,600\nUtility $150\nsomeone who is good at the economy please help me budget this. my family is dying"], ["author_id", 6], ["created_at", "2020-05-25 14:56:42.013239"], ["updated_at", "2020-05-25 14:56:42.013239"]]
  ↳ db/seeds.rb:62
  [1m[35m (0.6ms)[0m  [1m[35mCOMMIT[0m
  ↳ db/seeds.rb:62
  [1m[35m (0.2ms)[0m  [1m[35mBEGIN[0m
  ↳ db/seeds.rb:66
  [1m[36mUser Load (0.4ms)[0m  [1m[34mSELECT  "users".* FROM "users" WHERE "users"."id" = $1 LIMIT $2[0m  [["id", 7], ["LIMIT", 1]]
  ↳ db/seeds.rb:66
  [1m[36mSqueak Create (0.6ms)[0m  [1m[32mINSERT INTO "squeaks" ("body", "author_id", "created_at", "updated_at") VALUES ($1, $2, $3, $4) RETURNING "id"[0m  [["body", "passed a dog wearing a vest that said “careful! i’m still learning how to be around people” and experienced a borderline-spiritual “same”"], ["author_id", 7], ["created_at", "2020-05-25 14:56:42.020510"], ["updated_at", "2020-05-25 14:56:42.020510"]]
  ↳ db/seeds.rb:66
  [1m[35m (0.5ms)[0m  [1m[35mCOMMIT[0m
  ↳ db/seeds.rb:66
  [1m[35m (0.2ms)[0m  [1m[35mBEGIN[0m
  ↳ db/seeds.rb:70
  [1m[36mUser Load (0.3ms)[0m  [1m[34mSELECT  "users".* FROM "users" WHERE "users"."id" = $1 LIMIT $2[0m  [["id", 8], ["LIMIT", 1]]
  ↳ db/seeds.rb:70
  [1m[36mSqueak Create (0.4ms)[0m  [1m[32mINSERT INTO "squeaks" ("body", "author_id", "created_at", "updated_at") VALUES ($1, $2, $3, $4) RETURNING "id"[0m  [["body", "hi, grandma? can u come pick me up from my rap battle? it's over. no, i lost. he saw u drop me off & did a pretty devastating rhyme about it"], ["author_id", 8], ["created_at", "2020-05-25 14:56:42.026767"], ["updated_at", "2020-05-25 14:56:42.026767"]]
  ↳ db/seeds.rb:70
  [1m[35m (1.2ms)[0m  [1m[35mCOMMIT[0m
  ↳ db/seeds.rb:70
  [1m[35m (0.1ms)[0m  [1m[35mBEGIN[0m
  ↳ db/seeds.rb:74
  [1m[36mUser Load (0.4ms)[0m  [1m[34mSELECT  "users".* FROM "users" WHERE "users"."id" = $1 LIMIT $2[0m  [["id", 9], ["LIMIT", 1]]
  ↳ db/seeds.rb:74
  [1m[36mSqueak Create (14.9ms)[0m  [1m[32mINSERT INTO "squeaks" ("body", "author_id", "created_at", "updated_at") VALUES ($1, $2, $3, $4) RETURNING "id"[0m  [["body", "is there anything more capitalist than a peanut with a top hat, cane, and monocle selling you other peanuts to eat"], ["author_id", 9], ["created_at", "2020-05-25 14:56:42.046143"], ["updated_at", "2020-05-25 14:56:42.046143"]]
  ↳ db/seeds.rb:74
  [1m[35m (0.7ms)[0m  [1m[35mCOMMIT[0m
  ↳ db/seeds.rb:74
  [1m[35m (0.2ms)[0m  [1m[35mBEGIN[0m
  ↳ db/seeds.rb:78
  [1m[36mUser Load (0.4ms)[0m  [1m[34mSELECT  "users".* FROM "users" WHERE "users"."id" = $1 LIMIT $2[0m  [["id", 10], ["LIMIT", 1]]
  ↳ db/seeds.rb:78
  [1m[36mSqueak Create (0.5ms)[0m  [1m[32mINSERT INTO "squeaks" ("body", "author_id", "created_at", "updated_at") VALUES ($1, $2, $3, $4) RETURNING "id"[0m  [["body", "[burglar gently waking me] you live like this?"], ["author_id", 10], ["created_at", "2020-05-25 14:56:42.066493"], ["updated_at", "2020-05-25 14:56:42.066493"]]
  ↳ db/seeds.rb:78
  [1m[35m (0.5ms)[0m  [1m[35mCOMMIT[0m
  ↳ db/seeds.rb:78
  [1m[35m (0.2ms)[0m  [1m[35mBEGIN[0m
  ↳ db/seeds.rb:82
  [1m[36mUser Load (0.3ms)[0m  [1m[34mSELECT  "users".* FROM "users" WHERE "users"."id" = $1 LIMIT $2[0m  [["id", 11], ["LIMIT", 1]]
  ↳ db/seeds.rb:82
  [1m[36mSqueak Create (0.4ms)[0m  [1m[32mINSERT INTO "squeaks" ("body", "author_id", "created_at", "updated_at") VALUES ($1, $2, $3, $4) RETURNING "id"[0m  [["body", "How Can Mirrors Be Real If Our Eyes Aren't Real"], ["author_id", 11], ["created_at", "2020-05-25 14:56:42.071249"], ["updated_at", "2020-05-25 14:56:42.071249"]]
  ↳ db/seeds.rb:82
  [1m[35m (0.4ms)[0m  [1m[35mCOMMIT[0m
  ↳ db/seeds.rb:82
  [1m[35m (0.1ms)[0m  [1m[35mBEGIN[0m
  ↳ db/seeds.rb:86
  [1m[36mUser Load (0.2ms)[0m  [1m[34mSELECT  "users".* FROM "users" WHERE "users"."id" = $1 LIMIT $2[0m  [["id", 12], ["LIMIT", 1]]
  ↳ db/seeds.rb:86
  [1m[36mSqueak Create (0.4ms)[0m  [1m[32mINSERT INTO "squeaks" ("body", "author_id", "created_at", "updated_at") VALUES ($1, $2, $3, $4) RETURNING "id"[0m  [["body", "awfully bold of you to fly the Good Year blimp on a year that has been extremely bad thus far"], ["author_id", 12], ["created_at", "2020-05-25 14:56:42.074736"], ["updated_at", "2020-05-25 14:56:42.074736"]]
  ↳ db/seeds.rb:86
  [1m[35m (0.5ms)[0m  [1m[35mCOMMIT[0m
  ↳ db/seeds.rb:86
  [1m[35m (0.2ms)[0m  [1m[35mBEGIN[0m
  ↳ db/seeds.rb:92
  [1m[36mUser Load (0.4ms)[0m  [1m[34mSELECT  "users".* FROM "users" WHERE "users"."id" = $1 LIMIT $2[0m  [["id", 2], ["LIMIT", 1]]
  ↳ db/seeds.rb:92
  [1m[36mSqueak Load (0.6ms)[0m  [1m[34mSELECT  "squeaks".* FROM "squeaks" WHERE "squeaks"."id" = $1 LIMIT $2[0m  [["id", 1], ["LIMIT", 1]]
  ↳ db/seeds.rb:92
  [1m[36mLike Create (1.4ms)[0m  [1m[32mINSERT INTO "likes" ("user_id", "squeak_id", "created_at", "updated_at") VALUES ($1, $2, $3, $4) RETURNING "id"[0m  [["user_id", 2], ["squeak_id", 1], ["created_at", "2020-05-25 14:56:42.113321"], ["updated_at", "2020-05-25 14:56:42.113321"]]
  ↳ db/seeds.rb:92
  [1m[35m (0.6ms)[0m  [1m[35mCOMMIT[0m
  ↳ db/seeds.rb:92
  [1m[35m (0.1ms)[0m  [1m[35mBEGIN[0m
  ↳ db/seeds.rb:93
  [1m[36mUser Load (0.2ms)[0m  [1m[34mSELECT  "users".* FROM "users" WHERE "users"."id" = $1 LIMIT $2[0m  [["id", 3], ["LIMIT", 1]]
  ↳ db/seeds.rb:93
  [1m[36mSqueak Load (0.3ms)[0m  [1m[34mSELECT  "squeaks".* FROM "squeaks" WHERE "squeaks"."id" = $1 LIMIT $2[0m  [["id", 1], ["LIMIT", 1]]
  ↳ db/seeds.rb:93
  [1m[36mLike Create (0.4ms)[0m  [1m[32mINSERT INTO "likes" ("user_id", "squeak_id", "created_at", "updated_at") VALUES ($1, $2, $3, $4) RETURNING "id"[0m  [["user_id", 3], ["squeak_id", 1], ["created_at", "2020-05-25 14:56:42.119884"], ["updated_at", "2020-05-25 14:56:42.119884"]]
  ↳ db/seeds.rb:93
  [1m[35m (0.4ms)[0m  [1m[35mCOMMIT[0m
  ↳ db/seeds.rb:93
  [1m[35m (0.1ms)[0m  [1m[35mBEGIN[0m
  ↳ db/seeds.rb:94
  [1m[36mUser Load (0.2ms)[0m  [1m[34mSELECT  "users".* FROM "users" WHERE "users"."id" = $1 LIMIT $2[0m  [["id", 4], ["LIMIT", 1]]
  ↳ db/seeds.rb:94
  [1m[36mSqueak Load (0.3ms)[0m  [1m[34mSELECT  "squeaks".* FROM "squeaks" WHERE "squeaks"."id" = $1 LIMIT $2[0m  [["id", 1], ["LIMIT", 1]]
  ↳ db/seeds.rb:94
  [1m[36mLike Create (0.4ms)[0m  [1m[32mINSERT INTO "likes" ("user_id", "squeak_id", "created_at", "updated_at") VALUES ($1, $2, $3, $4) RETURNING "id"[0m  [["user_id", 4], ["squeak_id", 1], ["created_at", "2020-05-25 14:56:42.124621"], ["updated_at", "2020-05-25 14:56:42.124621"]]
  ↳ db/seeds.rb:94
  [1m[35m (0.4ms)[0m  [1m[35mCOMMIT[0m
  ↳ db/seeds.rb:94
  [1m[35m (0.1ms)[0m  [1m[35mBEGIN[0m
  ↳ db/seeds.rb:95
  [1m[36mUser Load (0.2ms)[0m  [1m[34mSELECT  "users".* FROM "users" WHERE "users"."id" = $1 LIMIT $2[0m  [["id", 8], ["LIMIT", 1]]
  ↳ db/seeds.rb:95
  [1m[36mSqueak Load (0.3ms)[0m  [1m[34mSELECT  "squeaks".* FROM "squeaks" WHERE "squeaks"."id" = $1 LIMIT $2[0m  [["id", 1], ["LIMIT", 1]]
  ↳ db/seeds.rb:95
  [1m[36mLike Create (0.4ms)[0m  [1m[32mINSERT INTO "likes" ("user_id", "squeak_id", "created_at", "updated_at") VALUES ($1, $2, $3, $4) RETURNING "id"[0m  [["user_id", 8], ["squeak_id", 1], ["created_at", "2020-05-25 14:56:42.129116"], ["updated_at", "2020-05-25 14:56:42.129116"]]
  ↳ db/seeds.rb:95
  [1m[35m (0.5ms)[0m  [1m[35mCOMMIT[0m
  ↳ db/seeds.rb:95
  [1m[35m (0.5ms)[0m  [1m[35mBEGIN[0m
  ↳ db/seeds.rb:96
  [1m[36mUser Load (0.3ms)[0m  [1m[34mSELECT  "users".* FROM "users" WHERE "users"."id" = $1 LIMIT $2[0m  [["id", 9], ["LIMIT", 1]]
  ↳ db/seeds.rb:96
  [1m[36mSqueak Load (0.5ms)[0m  [1m[34mSELECT  "squeaks".* FROM "squeaks" WHERE "squeaks"."id" = $1 LIMIT $2[0m  [["id", 1], ["LIMIT", 1]]
  ↳ db/seeds.rb:96
  [1m[36mLike Create (0.9ms)[0m  [1m[32mINSERT INTO "likes" ("user_id", "squeak_id", "created_at", "updated_at") VALUES ($1, $2, $3, $4) RETURNING "id"[0m  [["user_id", 9], ["squeak_id", 1], ["created_at", "2020-05-25 14:56:42.136063"], ["updated_at", "2020-05-25 14:56:42.136063"]]
  ↳ db/seeds.rb:96
  [1m[35m (0.5ms)[0m  [1m[35mCOMMIT[0m
  ↳ db/seeds.rb:96
  [1m[35m (0.2ms)[0m  [1m[35mBEGIN[0m
  ↳ db/seeds.rb:97
  [1m[36mUser Load (0.3ms)[0m  [1m[34mSELECT  "users".* FROM "users" WHERE "users"."id" = $1 LIMIT $2[0m  [["id", 10], ["LIMIT", 1]]
  ↳ db/seeds.rb:97
  [1m[36mSqueak Load (0.7ms)[0m  [1m[34mSELECT  "squeaks".* FROM "squeaks" WHERE "squeaks"."id" = $1 LIMIT $2[0m  [["id", 1], ["LIMIT", 1]]
  ↳ db/seeds.rb:97
  [1m[36mLike Create (20.9ms)[0m  [1m[32mINSERT INTO "likes" ("user_id", "squeak_id", "created_at", "updated_at") VALUES ($1, $2, $3, $4) RETURNING "id"[0m  [["user_id", 10], ["squeak_id", 1], ["created_at", "2020-05-25 14:56:42.143600"], ["updated_at", "2020-05-25 14:56:42.143600"]]
  ↳ db/seeds.rb:97
  [1m[35m (0.6ms)[0m  [1m[35mCOMMIT[0m
  ↳ db/seeds.rb:97
  [1m[35m (0.2ms)[0m  [1m[35mBEGIN[0m
  ↳ db/seeds.rb:98
  [1m[36mUser Load (0.3ms)[0m  [1m[34mSELECT  "users".* FROM "users" WHERE "users"."id" = $1 LIMIT $2[0m  [["id", 11], ["LIMIT", 1]]
  ↳ db/seeds.rb:98
  [1m[36mSqueak Load (0.3ms)[0m  [1m[34mSELECT  "squeaks".* FROM "squeaks" WHERE "squeaks"."id" = $1 LIMIT $2[0m  [["id", 1], ["LIMIT", 1]]
  ↳ db/seeds.rb:98
  [1m[36mLike Create (0.5ms)[0m  [1m[32mINSERT INTO "likes" ("user_id", "squeak_id", "created_at", "updated_at") VALUES ($1, $2, $3, $4) RETURNING "id"[0m  [["user_id", 11], ["squeak_id", 1], ["created_at", "2020-05-25 14:56:42.171007"], ["updated_at", "2020-05-25 14:56:42.171007"]]
  ↳ db/seeds.rb:98
  [1m[35m (0.4ms)[0m  [1m[35mCOMMIT[0m
  ↳ db/seeds.rb:98
  [1m[35m (0.1ms)[0m  [1m[35mBEGIN[0m
  ↳ db/seeds.rb:100
  [1m[36mUser Load (0.2ms)[0m  [1m[34mSELECT  "users".* FROM "users" WHERE "users"."id" = $1 LIMIT $2[0m  [["id", 7], ["LIMIT", 1]]
  ↳ db/seeds.rb:100
  [1m[36mSqueak Load (0.2ms)[0m  [1m[34mSELECT  "squeaks".* FROM "squeaks" WHERE "squeaks"."id" = $1 LIMIT $2[0m  [["id", 3], ["LIMIT", 1]]
  ↳ db/seeds.rb:100
  [1m[36mLike Create (0.4ms)[0m  [1m[32mINSERT INTO "likes" ("user_id", "squeak_id", "created_at", "updated_at") VALUES ($1, $2, $3, $4) RETURNING "id"[0m  [["user_id", 7], ["squeak_id", 3], ["created_at", "2020-05-25 14:56:42.175913"], ["updated_at", "2020-05-25 14:56:42.175913"]]
  ↳ db/seeds.rb:100
  [1m[35m (0.4ms)[0m  [1m[35mCOMMIT[0m
  ↳ db/seeds.rb:100
  [1m[35m (0.1ms)[0m  [1m[35mBEGIN[0m
  ↳ db/seeds.rb:101
  [1m[36mUser Load (0.2ms)[0m  [1m[34mSELECT  "users".* FROM "users" WHERE "users"."id" = $1 LIMIT $2[0m  [["id", 12], ["LIMIT", 1]]
  ↳ db/seeds.rb:101
  [1m[36mSqueak Load (0.2ms)[0m  [1m[34mSELECT  "squeaks".* FROM "squeaks" WHERE "squeaks"."id" = $1 LIMIT $2[0m  [["id", 3], ["LIMIT", 1]]
  ↳ db/seeds.rb:101
  [1m[36mLike Create (0.5ms)[0m  [1m[32mINSERT INTO "likes" ("user_id", "squeak_id", "created_at", "updated_at") VALUES ($1, $2, $3, $4) RETURNING "id"[0m  [["user_id", 12], ["squeak_id", 3], ["created_at", "2020-05-25 14:56:42.180226"], ["updated_at", "2020-05-25 14:56:42.180226"]]
  ↳ db/seeds.rb:101
  [1m[35m (0.5ms)[0m  [1m[35mCOMMIT[0m
  ↳ db/seeds.rb:101
  [1m[35m (0.2ms)[0m  [1m[35mBEGIN[0m
  ↳ db/seeds.rb:103
  [1m[36mUser Load (0.3ms)[0m  [1m[34mSELECT  "users".* FROM "users" WHERE "users"."id" = $1 LIMIT $2[0m  [["id", 5], ["LIMIT", 1]]
  ↳ db/seeds.rb:103
  [1m[36mSqueak Load (0.3ms)[0m  [1m[34mSELECT  "squeaks".* FROM "squeaks" WHERE "squeaks"."id" = $1 LIMIT $2[0m  [["id", 4], ["LIMIT", 1]]
  ↳ db/seeds.rb:103
  [1m[36mLike Create (0.7ms)[0m  [1m[32mINSERT INTO "likes" ("user_id", "squeak_id", "created_at", "updated_at") VALUES ($1, $2, $3, $4) RETURNING "id"[0m  [["user_id", 5], ["squeak_id", 4], ["created_at", "2020-05-25 14:56:42.187160"], ["updated_at", "2020-05-25 14:56:42.187160"]]
  ↳ db/seeds.rb:103
  [1m[35m (0.6ms)[0m  [1m[35mCOMMIT[0m
  ↳ db/seeds.rb:103
  [1m[35m (0.2ms)[0m  [1m[35mBEGIN[0m
  ↳ db/seeds.rb:104
  [1m[36mUser Load (0.3ms)[0m  [1m[34mSELECT  "users".* FROM "users" WHERE "users"."id" = $1 LIMIT $2[0m  [["id", 9], ["LIMIT", 1]]
  ↳ db/seeds.rb:104
  [1m[36mSqueak Load (20.4ms)[0m  [1m[34mSELECT  "squeaks".* FROM "squeaks" WHERE "squeaks"."id" = $1 LIMIT $2[0m  [["id", 4], ["LIMIT", 1]]
  ↳ db/seeds.rb:104
  [1m[36mLike Create (0.8ms)[0m  [1m[32mINSERT INTO "likes" ("user_id", "squeak_id", "created_at", "updated_at") VALUES ($1, $2, $3, $4) RETURNING "id"[0m  [["user_id", 9], ["squeak_id", 4], ["created_at", "2020-05-25 14:56:42.214992"], ["updated_at", "2020-05-25 14:56:42.214992"]]
  ↳ db/seeds.rb:104
  [1m[35m (0.7ms)[0m  [1m[35mCOMMIT[0m
  ↳ db/seeds.rb:104
  [1m[35m (0.2ms)[0m  [1m[35mBEGIN[0m
  ↳ db/seeds.rb:105
  [1m[36mUser Load (0.4ms)[0m  [1m[34mSELECT  "users".* FROM "users" WHERE "users"."id" = $1 LIMIT $2[0m  [["id", 10], ["LIMIT", 1]]
  ↳ db/seeds.rb:105
  [1m[36mSqueak Load (0.3ms)[0m  [1m[34mSELECT  "squeaks".* FROM "squeaks" WHERE "squeaks"."id" = $1 LIMIT $2[0m  [["id", 4], ["LIMIT", 1]]
  ↳ db/seeds.rb:105
  [1m[36mLike Create (0.5ms)[0m  [1m[32mINSERT INTO "likes" ("user_id", "squeak_id", "created_at", "updated_at") VALUES ($1, $2, $3, $4) RETURNING "id"[0m  [["user_id", 10], ["squeak_id", 4], ["created_at", "2020-05-25 14:56:42.222578"], ["updated_at", "2020-05-25 14:56:42.222578"]]
  ↳ db/seeds.rb:105
  [1m[35m (0.5ms)[0m  [1m[35mCOMMIT[0m
  ↳ db/seeds.rb:105
  [1m[35m (0.1ms)[0m  [1m[35mBEGIN[0m
  ↳ db/seeds.rb:106
  [1m[36mUser Load (0.2ms)[0m  [1m[34mSELECT  "users".* FROM "users" WHERE "users"."id" = $1 LIMIT $2[0m  [["id", 11], ["LIMIT", 1]]
  ↳ db/seeds.rb:106
  [1m[36mSqueak Load (0.2ms)[0m  [1m[34mSELECT  "squeaks".* FROM "squeaks" WHERE "squeaks"."id" = $1 LIMIT $2[0m  [["id", 4], ["LIMIT", 1]]
  ↳ db/seeds.rb:106
  [1m[36mLike Create (0.4ms)[0m  [1m[32mINSERT INTO "likes" ("user_id", "squeak_id", "created_at", "updated_at") VALUES ($1, $2, $3, $4) RETURNING "id"[0m  [["user_id", 11], ["squeak_id", 4], ["created_at", "2020-05-25 14:56:42.227341"], ["updated_at", "2020-05-25 14:56:42.227341"]]
  ↳ db/seeds.rb:106
  [1m[35m (0.4ms)[0m  [1m[35mCOMMIT[0m
  ↳ db/seeds.rb:106
  [1m[35m (0.1ms)[0m  [1m[35mBEGIN[0m
  ↳ db/seeds.rb:108
  [1m[36mUser Load (0.2ms)[0m  [1m[34mSELECT  "users".* FROM "users" WHERE "users"."id" = $1 LIMIT $2[0m  [["id", 1], ["LIMIT", 1]]
  ↳ db/seeds.rb:108
  [1m[36mSqueak Load (0.3ms)[0m  [1m[34mSELECT  "squeaks".* FROM "squeaks" WHERE "squeaks"."id" = $1 LIMIT $2[0m  [["id", 6], ["LIMIT", 1]]
  ↳ db/seeds.rb:108
  [1m[36mLike Create (0.6ms)[0m  [1m[32mINSERT INTO "likes" ("user_id", "squeak_id", "created_at", "updated_at") VALUES ($1, $2, $3, $4) RETURNING "id"[0m  [["user_id", 1], ["squeak_id", 6], ["created_at", "2020-05-25 14:56:42.231758"], ["updated_at", "2020-05-25 14:56:42.231758"]]
  ↳ db/seeds.rb:108
  [1m[35m (0.7ms)[0m  [1m[35mCOMMIT[0m
  ↳ db/seeds.rb:108
  [1m[35m (0.2ms)[0m  [1m[35mBEGIN[0m
  ↳ db/seeds.rb:109
  [1m[36mUser Load (0.3ms)[0m  [1m[34mSELECT  "users".* FROM "users" WHERE "users"."id" = $1 LIMIT $2[0m  [["id", 2], ["LIMIT", 1]]
  ↳ db/seeds.rb:109
  [1m[36mSqueak Load (0.4ms)[0m  [1m[34mSELECT  "squeaks".* FROM "squeaks" WHERE "squeaks"."id" = $1 LIMIT $2[0m  [["id", 6], ["LIMIT", 1]]
  ↳ db/seeds.rb:109
  [1m[36mLike Create (0.6ms)[0m  [1m[32mINSERT INTO "likes" ("user_id", "squeak_id", "created_at", "updated_at") VALUES ($1, $2, $3, $4) RETURNING "id"[0m  [["user_id", 2], ["squeak_id", 6], ["created_at", "2020-05-25 14:56:42.238874"], ["updated_at", "2020-05-25 14:56:42.238874"]]
  ↳ db/seeds.rb:109
  [1m[35m (0.4ms)[0m  [1m[35mCOMMIT[0m
  ↳ db/seeds.rb:109
  [1m[35m (0.2ms)[0m  [1m[35mBEGIN[0m
  ↳ db/seeds.rb:110
  [1m[36mUser Load (0.3ms)[0m  [1m[34mSELECT  "users".* FROM "users" WHERE "users"."id" = $1 LIMIT $2[0m  [["id", 4], ["LIMIT", 1]]
  ↳ db/seeds.rb:110
  [1m[36mSqueak Load (19.6ms)[0m  [1m[34mSELECT  "squeaks".* FROM "squeaks" WHERE "squeaks"."id" = $1 LIMIT $2[0m  [["id", 6], ["LIMIT", 1]]
  ↳ db/seeds.rb:110
  [1m[36mLike Create (0.7ms)[0m  [1m[32mINSERT INTO "likes" ("user_id", "squeak_id", "created_at", "updated_at") VALUES ($1, $2, $3, $4) RETURNING "id"[0m  [["user_id", 4], ["squeak_id", 6], ["created_at", "2020-05-25 14:56:42.264934"], ["updated_at", "2020-05-25 14:56:42.264934"]]
  ↳ db/seeds.rb:110
  [1m[35m (0.6ms)[0m  [1m[35mCOMMIT[0m
  ↳ db/seeds.rb:110
  [1m[35m (0.2ms)[0m  [1m[35mBEGIN[0m
  ↳ db/seeds.rb:112
  [1m[36mUser Load (0.3ms)[0m  [1m[34mSELECT  "users".* FROM "users" WHERE "users"."id" = $1 LIMIT $2[0m  [["id", 6], ["LIMIT", 1]]
  ↳ db/seeds.rb:112
  [1m[36mSqueak Load (0.3ms)[0m  [1m[34mSELECT  "squeaks".* FROM "squeaks" WHERE "squeaks"."id" = $1 LIMIT $2[0m  [["id", 7], ["LIMIT", 1]]
  ↳ db/seeds.rb:112
  [1m[36mLike Create (0.6ms)[0m  [1m[32mINSERT INTO "likes" ("user_id", "squeak_id", "created_at", "updated_at") VALUES ($1, $2, $3, $4) RETURNING "id"[0m  [["user_id", 6], ["squeak_id", 7], ["created_at", "2020-05-25 14:56:42.272358"], ["updated_at", "2020-05-25 14:56:42.272358"]]
  ↳ db/seeds.rb:112
  [1m[35m (0.5ms)[0m  [1m[35mCOMMIT[0m
  ↳ db/seeds.rb:112
  [1m[35m (0.2ms)[0m  [1m[35mBEGIN[0m
  ↳ db/seeds.rb:113
  [1m[36mUser Load (0.3ms)[0m  [1m[34mSELECT  "users".* FROM "users" WHERE "users"."id" = $1 LIMIT $2[0m  [["id", 8], ["LIMIT", 1]]
  ↳ db/seeds.rb:113
  [1m[36mSqueak Load (0.2ms)[0m  [1m[34mSELECT  "squeaks".* FROM "squeaks" WHERE "squeaks"."id" = $1 LIMIT $2[0m  [["id", 7], ["LIMIT", 1]]
  ↳ db/seeds.rb:113
  [1m[36mLike Create (0.5ms)[0m  [1m[32mINSERT INTO "likes" ("user_id", "squeak_id", "created_at", "updated_at") VALUES ($1, $2, $3, $4) RETURNING "id"[0m  [["user_id", 8], ["squeak_id", 7], ["created_at", "2020-05-25 14:56:42.278414"], ["updated_at", "2020-05-25 14:56:42.278414"]]
  ↳ db/seeds.rb:113
  [1m[35m (0.5ms)[0m  [1m[35mCOMMIT[0m
  ↳ db/seeds.rb:113
  [1m[35m (0.2ms)[0m  [1m[35mBEGIN[0m
  ↳ db/seeds.rb:114
  [1m[36mUser Load (0.3ms)[0m  [1m[34mSELECT  "users".* FROM "users" WHERE "users"."id" = $1 LIMIT $2[0m  [["id", 10], ["LIMIT", 1]]
  ↳ db/seeds.rb:114
  [1m[36mSqueak Load (0.5ms)[0m  [1m[34mSELECT  "squeaks".* FROM "squeaks" WHERE "squeaks"."id" = $1 LIMIT $2[0m  [["id", 7], ["LIMIT", 1]]
  ↳ db/seeds.rb:114
  [1m[36mLike Create (0.6ms)[0m  [1m[32mINSERT INTO "likes" ("user_id", "squeak_id", "created_at", "updated_at") VALUES ($1, $2, $3, $4) RETURNING "id"[0m  [["user_id", 10], ["squeak_id", 7], ["created_at", "2020-05-25 14:56:42.286043"], ["updated_at", "2020-05-25 14:56:42.286043"]]
  ↳ db/seeds.rb:114
  [1m[35m (0.5ms)[0m  [1m[35mCOMMIT[0m
  ↳ db/seeds.rb:114
  [1m[35m (0.2ms)[0m  [1m[35mBEGIN[0m
  ↳ db/seeds.rb:115
  [1m[36mUser Load (0.3ms)[0m  [1m[34mSELECT  "users".* FROM "users" WHERE "users"."id" = $1 LIMIT $2[0m  [["id", 11], ["LIMIT", 1]]
  ↳ db/seeds.rb:115
  [1m[36mSqueak Load (0.3ms)[0m  [1m[34mSELECT  "squeaks".* FROM "squeaks" WHERE "squeaks"."id" = $1 LIMIT $2[0m  [["id", 7], ["LIMIT", 1]]
  ↳ db/seeds.rb:115
  [1m[36mLike Create (20.2ms)[0m  [1m[32mINSERT INTO "likes" ("user_id", "squeak_id", "created_at", "updated_at") VALUES ($1, $2, $3, $4) RETURNING "id"[0m  [["user_id", 11], ["squeak_id", 7], ["created_at", "2020-05-25 14:56:42.293512"], ["updated_at", "2020-05-25 14:56:42.293512"]]
  ↳ db/seeds.rb:115
  [1m[35m (0.7ms)[0m  [1m[35mCOMMIT[0m
  ↳ db/seeds.rb:115
  [1m[35m (0.2ms)[0m  [1m[35mBEGIN[0m
  ↳ db/seeds.rb:117
  [1m[36mUser Load (0.5ms)[0m  [1m[34mSELECT  "users".* FROM "users" WHERE "users"."id" = $1 LIMIT $2[0m  [["id", 9], ["LIMIT", 1]]
  ↳ db/seeds.rb:117
  [1m[36mSqueak Load (0.3ms)[0m  [1m[34mSELECT  "squeaks".* FROM "squeaks" WHERE "squeaks"."id" = $1 LIMIT $2[0m  [["id", 10], ["LIMIT", 1]]
  ↳ db/seeds.rb:117
  [1m[36mLike Create (0.4ms)[0m  [1m[32mINSERT INTO "likes" ("user_id", "squeak_id", "created_at", "updated_at") VALUES ($1, $2, $3, $4) RETURNING "id"[0m  [["user_id", 9], ["squeak_id", 10], ["created_at", "2020-05-25 14:56:42.320484"], ["updated_at", "2020-05-25 14:56:42.320484"]]
  ↳ db/seeds.rb:117
  [1m[35m (0.4ms)[0m  [1m[35mCOMMIT[0m
  ↳ db/seeds.rb:117
  [1m[35m (0.2ms)[0m  [1m[35mBEGIN[0m
  ↳ db/seeds.rb:118
  [1m[36mUser Load (0.2ms)[0m  [1m[34mSELECT  "users".* FROM "users" WHERE "users"."id" = $1 LIMIT $2[0m  [["id", 10], ["LIMIT", 1]]
  ↳ db/seeds.rb:118
  [1m[36mSqueak Load (0.2ms)[0m  [1m[34mSELECT  "squeaks".* FROM "squeaks" WHERE "squeaks"."id" = $1 LIMIT $2[0m  [["id", 10], ["LIMIT", 1]]
  ↳ db/seeds.rb:118
  [1m[36mLike Create (0.4ms)[0m  [1m[32mINSERT INTO "likes" ("user_id", "squeak_id", "created_at", "updated_at") VALUES ($1, $2, $3, $4) RETURNING "id"[0m  [["user_id", 10], ["squeak_id", 10], ["created_at", "2020-05-25 14:56:42.325373"], ["updated_at", "2020-05-25 14:56:42.325373"]]
  ↳ db/seeds.rb:118
  [1m[35m (0.4ms)[0m  [1m[35mCOMMIT[0m
  ↳ db/seeds.rb:118
  [1m[35m (0.1ms)[0m  [1m[35mBEGIN[0m
  ↳ db/seeds.rb:119
  [1m[36mUser Load (0.2ms)[0m  [1m[34mSELECT  "users".* FROM "users" WHERE "users"."id" = $1 LIMIT $2[0m  [["id", 12], ["LIMIT", 1]]
  ↳ db/seeds.rb:119
  [1m[36mSqueak Load (0.2ms)[0m  [1m[34mSELECT  "squeaks".* FROM "squeaks" WHERE "squeaks"."id" = $1 LIMIT $2[0m  [["id", 10], ["LIMIT", 1]]
  ↳ db/seeds.rb:119
  [1m[36mLike Create (0.4ms)[0m  [1m[32mINSERT INTO "likes" ("user_id", "squeak_id", "created_at", "updated_at") VALUES ($1, $2, $3, $4) RETURNING "id"[0m  [["user_id", 12], ["squeak_id", 10], ["created_at", "2020-05-25 14:56:42.329658"], ["updated_at", "2020-05-25 14:56:42.329658"]]
  ↳ db/seeds.rb:119
  [1m[35m (0.4ms)[0m  [1m[35mCOMMIT[0m
  ↳ db/seeds.rb:119
Started GET "/" for ::1 at 2020-05-25 11:02:53 -0400
  [1m[35m (1.1ms)[0m  [1m[34mSELECT "schema_migrations"."version" FROM "schema_migrations" ORDER BY "schema_migrations"."version" ASC[0m
  ↳ /Users/pkim/.rbenv/versions/2.5.1/lib/ruby/gems/2.5.0/gems/activerecord-5.2.4.3/lib/active_record/log_subscriber.rb:98
Processing by StaticPagesController#root as HTML
  Rendering static_pages/root.html.erb within layouts/application
  Rendered static_pages/root.html.erb within layouts/application (1.5ms)
Started GET "/" for ::1 at 2020-05-25 11:02:55 -0400
Processing by StaticPagesController#root as HTML
  Rendering static_pages/root.html.erb within layouts/application
  Rendered static_pages/root.html.erb within layouts/application (0.5ms)
Completed 200 OK in 3824ms (Views: 3823.2ms | ActiveRecord: 0.0ms)


Completed 200 OK in 5289ms (Views: 5281.2ms | ActiveRecord: 0.0ms)


Started GET "/api/squeaks" for ::1 at 2020-05-25 11:02:59 -0400
Processing by Api::SqueaksController#index as JSON
  [1m[36mSqueak Load (33.7ms)[0m  [1m[34mSELECT "squeaks".* FROM "squeaks"[0m
  ↳ app/controllers/api/squeaks_controller.rb:5
Completed 200 OK in 545ms (Views: 26.0ms | ActiveRecord: 492.0ms)


Started POST "/api/squeaks" for ::1 at 2020-05-25 11:04:56 -0400
Processing by Api::SqueaksController#create as JSON
  Parameters: {"squeak"=>{"body"=>"hello world", "author_id"=>"13"}}
  [1m[35m (3.6ms)[0m  [1m[35mBEGIN[0m
  ↳ app/controllers/api/squeaks_controller.rb:11
Started GET "/" for ::1 at 2020-05-25 11:05:25 -0400
Processing by StaticPagesController#root as HTML
  Rendering static_pages/root.html.erb within layouts/application
  Rendered static_pages/root.html.erb within layouts/application (2.1ms)
Completed 200 OK in 243ms (Views: 237.2ms | ActiveRecord: 0.0ms)


  [1m[36mUser Load (45.6ms)[0m  [1m[34mSELECT  "users".* FROM "users" WHERE "users"."id" = $1 LIMIT $2[0m  [["id", 13], ["LIMIT", 1]]
  ↳ app/controllers/api/squeaks_controller.rb:11
  [1m[35m (1.5ms)[0m  [1m[31mROLLBACK[0m
  ↳ app/controllers/api/squeaks_controller.rb:11
Completed 422 Unprocessable Entity in 30780ms (Views: 0.7ms | ActiveRecord: 134.2ms)


Started GET "/api/squeaks" for ::1 at 2020-05-25 11:05:46 -0400
Processing by Api::SqueaksController#index as JSON
  [1m[36mSqueak Load (1.7ms)[0m  [1m[34mSELECT "squeaks".* FROM "squeaks"[0m
  ↳ app/controllers/api/squeaks_controller.rb:5
Completed 200 OK in 64ms (Views: 47.5ms | ActiveRecord: 1.7ms)


Started GET "/" for ::1 at 2020-05-25 11:06:44 -0400
Processing by StaticPagesController#root as HTML
  Rendering static_pages/root.html.erb within layouts/application
  Rendered static_pages/root.html.erb within layouts/application (4.9ms)
Completed 200 OK in 582ms (Views: 573.3ms | ActiveRecord: 0.0ms)


Started GET "/api/squeaks" for ::1 at 2020-05-25 11:06:45 -0400
Processing by Api::SqueaksController#index as JSON
  [1m[36mSqueak Load (1.7ms)[0m  [1m[34mSELECT "squeaks".* FROM "squeaks"[0m
  ↳ app/controllers/api/squeaks_controller.rb:5
Completed 200 OK in 24ms (Views: 19.0ms | ActiveRecord: 1.7ms)


Started POST "/api/squeaks" for ::1 at 2020-05-25 11:06:51 -0400
Processing by Api::SqueaksController#create as JSON
  Parameters: {"squeak"=>{"body"=>"hello", "author_id"=>"1"}}
  [1m[36mUser Load (160.5ms)[0m  [1m[34mSELECT  "users".* FROM "users" WHERE "users"."id" = $1 LIMIT $2[0m  [["id", 1], ["LIMIT", 1]]
  ↳ (byebug):1
  [1m[35m (0.4ms)[0m  [1m[35mBEGIN[0m
  ↳ app/controllers/api/squeaks_controller.rb:11
  [1m[36mSqueak Create (25.1ms)[0m  [1m[32mINSERT INTO "squeaks" ("body", "author_id", "created_at", "updated_at") VALUES ($1, $2, $3, $4) RETURNING "id"[0m  [["body", "hello"], ["author_id", 1], ["created_at", "2020-05-25 15:07:02.921374"], ["updated_at", "2020-05-25 15:07:02.921374"]]
  ↳ app/controllers/api/squeaks_controller.rb:11
  [1m[35m (4.7ms)[0m  [1m[35mCOMMIT[0m
  ↳ app/controllers/api/squeaks_controller.rb:11
Completed 200 OK in 11226ms (Views: 9.3ms | ActiveRecord: 291.9ms)


